<?xml version="1.0" encoding="UTF-8"?>
<!-- Generated by org.testng.reporters.JUnitReportReporter -->
<testsuite hostname="DESKTOP-D9L1E3E" failures="0" tests="2" name="com.instagramPageTest.InstagramLogInTest" time="9.217" errors="0" timestamp="2022-02-14T20:04:40 EST" skipped="1">
  <testcase classname="com.instagramPageTest.InstagramLogInTest" name="instagramLogInTest1" time="9.217"/>
  <system-out>
    <![CDATA[[[ChromeDriver: chrome on WINDOWS (4853722f270b18ed84548906502ef292)] -> xpath: (//input[@class='_2hvTZ pexuQ zyHYP'])[1]]Text Value Entered_____anik_____
[[ChromeDriver: chrome on WINDOWS (4853722f270b18ed84548906502ef292)] -> xpath: //input[@name='password']]Text Value Entered1100]]>
  </system-out>
  <testcase classname="com.instagramPageTest.InstagramLogInTest" name="instagramLogInTest">
    <skipped/>
  </testcase> <!-- instagramLogInTest -->
  <system-out/>
</testsuite> <!-- com.instagramPageTest.InstagramLogInTest -->
