<?xml version="1.0" encoding="UTF-8"?>
<!-- Generated by org.testng.reporters.JUnitReportReporter -->
<testsuite hostname="DESKTOP-D9L1E3E" failures="0" tests="1" name="com.registerAnAccountTest.RegisterTest" time="10.900" errors="0" timestamp="2022-02-08T17:00:00 EST" skipped="0">
  <testcase classname="com.registerAnAccountTest.RegisterTest" name="registerTest1" time="10.900"/>
  <system-out/>
</testsuite> <!-- com.registerAnAccountTest.RegisterTest -->
