<?xml version="1.0" encoding="UTF-8"?>
<!-- Generated by org.testng.reporters.JUnitReportReporter -->
<testsuite hostname="DESKTOP-D9L1E3E" failures="0" tests="1" name="com.registerTest.RegisterTest" time="10.462" errors="0" timestamp="2022-02-14T20:04:40 EST" skipped="0">
  <testcase classname="com.registerTest.RegisterTest" name="registerTest" time="10.462"/>
  <system-out/>
</testsuite> <!-- com.registerTest.RegisterTest -->
