<?xml version="1.0" encoding="UTF-8"?>
<!-- Generated by org.testng.reporters.JUnitReportReporter -->
<testsuite hostname="DESKTOP-D9L1E3E" failures="0" tests="1" name="com.crtAnAccountTest.CreateAccountTest" time="8.903" errors="0" timestamp="2022-02-14T20:04:40 EST" skipped="0">
  <testcase classname="com.crtAnAccountTest.CreateAccountTest" name="createAccountTest" time="8.903"/>
  <system-out>
    <![CDATA[Actual value : Let's Create Your Account -------- Expected value : Let's Create Your Account
[[ChromeDriver: chrome on WINDOWS (bc15358182b53209606f931c23203cb1)] -> xpath: //input[@id='memberId']]Text Value EnteredAbc1100damn
[[ChromeDriver: chrome on WINDOWS (bc15358182b53209606f931c23203cb1)] -> xpath: //input[contains(@id,'datepicker')]]Text Value Entered01121994
[[ChromeDriver: chrome on WINDOWS (bc15358182b53209606f931c23203cb1)] -> xpath: //input[@id='zipCode']]Text Value Entered10472
[[ChromeDriver: chrome on WINDOWS (bc15358182b53209606f931c23203cb1)] -> xpath: //input[@id='ssnOrTaxID']]Text Value Entered8080
Scrolling down 0 to 250 pixels
Scrolling up 250 to 0 pixel
Scrolling up 250 to 0 pixel]]>
  </system-out>
</testsuite> <!-- com.crtAnAccountTest.CreateAccountTest -->
