<?xml version="1.0" encoding="UTF-8"?>
<!-- Generated by org.testng.reporters.JUnitReportReporter -->
<testsuite hostname="DESKTOP-D9L1E3E" failures="0" tests="1" name="com.registerAnAccountTest1.RegisterTest1" time="76.103" errors="0" timestamp="2022-02-08T02:38:46 EST" skipped="0">
  <testcase classname="com.registerAnAccountTest1.RegisterTest1" name="registerTest1" time="76.103"/>
  <system-out>
    <![CDATA[Actual value : Let's Create Your Account -------- Expected value : Let's Create Your Account
[[ChromeDriver: chrome on WINDOWS (8cde0c10ce5a6e8266920450ceb8235d)] -> xpath: //input[@id='memberId']]Text Value EnteredAbc1100damn
[[ChromeDriver: chrome on WINDOWS (8cde0c10ce5a6e8266920450ceb8235d)] -> xpath: //input[contains(@id,'datepicker')]]Text Value Entered01121994
[[ChromeDriver: chrome on WINDOWS (8cde0c10ce5a6e8266920450ceb8235d)] -> xpath: //input[@id='zipCode']]Text Value Entered10472
[[ChromeDriver: chrome on WINDOWS (8cde0c10ce5a6e8266920450ceb8235d)] -> xpath: //input[@id='ssnOrTaxID']]Text Value Entered8080
Scrolling down 0 to 250 pixels
Scrolling up 250 to 0 pixel
Scrolling up 250 to 0 pixel
[[ChromeDriver: chrome on WINDOWS (8cde0c10ce5a6e8266920450ceb8235d)] -> xpath: //input[@name='username']]Text Value Entered_____anik_____
[[ChromeDriver: chrome on WINDOWS (8cde0c10ce5a6e8266920450ceb8235d)] -> xpath: //input[@name='password']]Text Value Entered1100]]>
  </system-out>
</testsuite> <!-- com.registerAnAccountTest1.RegisterTest1 -->
